# JRE version: OpenJDK Runtime Environment (21.0.2+13) (build 21.0.2+13-58)
# Java VM: OpenJDK 64-Bit Server VM (21.0.2+13-58, mixed mode, sharing, tiered, compressed oops, compressed class ptrs, g1 gc, windows-amd64)
GC Precious Log:
 CardTable entry size: 512
 Card Set container configuration: InlinePtr #cards 4 size 8 Array Of Cards #cards 16 size 48 Howl #buckets 8 coarsen threshold 3686 Howl Bitmap #cards 512 size 80 coarsen threshold 460 Card regions per heap region 1 cards per card region 4096
 CPUs: 8 total, 8 available
 Memory: 16251M
 Large Page Support: Disabled
 NUMA Support: Disabled
 Compressed Oops: Enabled (Zero based)
 Heap Region Size: 2M
 Heap Min Capacity: 8M
 Heap Initial Capacity: 254M
 Heap Max Capacity: 4064M
 Pre-touch: Disabled
 Parallel Workers: 8
 Concurrent Workers: 2
 Concurrent Refinement Workers: 8
 Periodic GC: Disabled
Heap:
 garbage-first heap   total 649216K, used 565221K [0x0000000702000000, 0x0000000800000000)
  region size 2048K, 179 young (366592K), 16 survivors (32768K)
 Metaspace       used 114043K, committed 115776K, reserved 1179648K
  class space    used 17305K, committed 18048K, reserved 1048576K
GC Heap History (20 events):
Event: 10.238 GC heap before
{Heap before GC invocations=20 (full 0):
 garbage-first heap   total 323584K, used 280518K [0x0000000702000000, 0x0000000800000000)
  region size 2048K, 85 young (174080K), 12 survivors (24576K)
 Metaspace       used 56798K, committed 58176K, reserved 1114112K
  class space    used 7474K, committed 8064K, reserved 1048576K
}
Event: 10.261 GC heap after
{Heap after GC invocations=21 (full 0):
 garbage-first heap   total 323584K, used 148802K [0x0000000702000000, 0x0000000800000000)
  region size 2048K, 8 young (16384K), 8 survivors (16384K)
 Metaspace       used 56798K, committed 58176K, reserved 1114112K
  class space    used 7474K, committed 8064K, reserved 1048576K
}
Event: 10.999 GC heap before
{Heap before GC invocations=21 (full 0):
 garbage-first heap   total 323584K, used 245058K [0x0000000702000000, 0x0000000800000000)
  region size 2048K, 56 young (114688K), 8 survivors (16384K)
 Metaspace       used 59771K, committed 61056K, reserved 1114112K
  class space    used 7778K, committed 8320K, reserved 1048576K
}
Event: 11.011 GC heap after
{Heap after GC invocations=22 (full 0):
 garbage-first heap   total 323584K, used 154647K [0x0000000702000000, 0x0000000800000000)
  region size 2048K, 3 young (6144K), 3 survivors (6144K)
 Metaspace       used 59771K, committed 61056K, reserved 1114112K
  class space    used 7778K, committed 8320K, reserved 1048576K
}
Event: 12.128 GC heap before
{Heap before GC invocations=23 (full 0):
 garbage-first heap   total 323584K, used 289815K [0x0000000702000000, 0x0000000800000000)
  region size 2048K, 69 young (141312K), 3 survivors (6144K)
 Metaspace       used 68159K, committed 69568K, reserved 1114112K
  class space    used 9786K, committed 10368K, reserved 1048576K
}
Event: 12.136 GC heap after
{Heap after GC invocations=24 (full 0):
 garbage-first heap   total 323584K, used 157914K [0x0000000702000000, 0x0000000800000000)
  region size 2048K, 5 young (10240K), 5 survivors (10240K)
 Metaspace       used 68159K, committed 69568K, reserved 1114112K
  class space    used 9786K, committed 10368K, reserved 1048576K
}
Event: 12.540 GC heap before
{Heap before GC invocations=24 (full 0):
 garbage-first heap   total 323584K, used 293082K [0x0000000702000000, 0x0000000800000000)
  region size 2048K, 71 young (145408K), 5 survivors (10240K)
 Metaspace       used 69411K, committed 70848K, reserved 1114112K
  class space    used 10004K, committed 10624K, reserved 1048576K
}
Event: 12.553 GC heap after
{Heap after GC invocations=25 (full 0):
 garbage-first heap   total 323584K, used 164305K [0x0000000702000000, 0x0000000800000000)
  region size 2048K, 9 young (18432K), 9 survivors (18432K)
 Metaspace       used 69411K, committed 70848K, reserved 1114112K
  class space    used 10004K, committed 10624K, reserved 1048576K
}
Event: 13.421 GC heap before
{Heap before GC invocations=25 (full 0):
 garbage-first heap   total 323584K, used 285137K [0x0000000702000000, 0x0000000800000000)
  region size 2048K, 68 young (139264K), 9 survivors (18432K)
 Metaspace       used 79386K, committed 80960K, reserved 1179648K
  class space    used 12074K, committed 12736K, reserved 1048576K
}
Event: 13.436 GC heap after
{Heap after GC invocations=26 (full 0):
 garbage-first heap   total 446464K, used 171041K [0x0000000702000000, 0x0000000800000000)
  region size 2048K, 8 young (16384K), 8 survivors (16384K)
 Metaspace       used 79386K, committed 80960K, reserved 1179648K
  class space    used 12074K, committed 12736K, reserved 1048576K
}
Event: 15.004 GC heap before
{Heap before GC invocations=27 (full 0):
 garbage-first heap   total 446464K, used 400417K [0x0000000702000000, 0x0000000800000000)
  region size 2048K, 121 young (247808K), 8 survivors (16384K)
 Metaspace       used 94495K, committed 96128K, reserved 1179648K
  class space    used 14228K, committed 14912K, reserved 1048576K
}
Event: 15.017 GC heap after
{Heap after GC invocations=28 (full 0):
 garbage-first heap   total 446464K, used 180109K [0x0000000702000000, 0x0000000800000000)
  region size 2048K, 12 young (24576K), 12 survivors (24576K)
 Metaspace       used 94495K, committed 96128K, reserved 1179648K
  class space    used 14228K, committed 14912K, reserved 1048576K
}
Event: 16.328 GC heap before
{Heap before GC invocations=28 (full 0):
 garbage-first heap   total 446464K, used 399245K [0x0000000702000000, 0x0000000800000000)
  region size 2048K, 118 young (241664K), 12 survivors (24576K)
 Metaspace       used 105932K, committed 107648K, reserved 1179648K
  class space    used 16129K, committed 16896K, reserved 1048576K
}
Event: 16.350 GC heap after
{Heap after GC invocations=29 (full 0):
 garbage-first heap   total 446464K, used 193032K [0x0000000702000000, 0x0000000800000000)
  region size 2048K, 15 young (30720K), 15 survivors (30720K)
 Metaspace       used 105932K, committed 107648K, reserved 1179648K
  class space    used 16129K, committed 16896K, reserved 1048576K
}
Event: 16.670 GC heap before
{Heap before GC invocations=29 (full 0):
 garbage-first heap   total 446464K, used 387592K [0x0000000702000000, 0x0000000800000000)
  region size 2048K, 111 young (227328K), 15 survivors (30720K)
 Metaspace       used 106270K, committed 107968K, reserved 1179648K
  class space    used 16155K, committed 16896K, reserved 1048576K
}
Event: 16.688 GC heap after
{Heap after GC invocations=30 (full 0):
 garbage-first heap   total 446464K, used 204389K [0x0000000702000000, 0x0000000800000000)
  region size 2048K, 7 young (14336K), 7 survivors (14336K)
 Metaspace       used 106270K, committed 107968K, reserved 1179648K
  class space    used 16155K, committed 16896K, reserved 1048576K
}
Event: 16.998 GC heap before
{Heap before GC invocations=30 (full 0):
 garbage-first heap   total 649216K, used 394853K [0x0000000702000000, 0x0000000800000000)
  region size 2048K, 101 young (206848K), 7 survivors (14336K)
 Metaspace       used 107115K, committed 108864K, reserved 1179648K
  class space    used 16304K, committed 17024K, reserved 1048576K
}
Event: 17.010 GC heap after
{Heap after GC invocations=31 (full 0):
 garbage-first heap   total 649216K, used 211991K [0x0000000702000000, 0x0000000800000000)
  region size 2048K, 11 young (22528K), 11 survivors (22528K)
 Metaspace       used 107115K, committed 108864K, reserved 1179648K
  class space    used 16304K, committed 17024K, reserved 1048576K
}
Event: 17.628 GC heap before
{Heap before GC invocations=32 (full 0):
 garbage-first heap   total 649216K, used 529431K [0x0000000702000000, 0x0000000800000000)
  region size 2048K, 161 young (329728K), 11 survivors (22528K)
 Metaspace       used 108454K, committed 110208K, reserved 1179648K
  class space    used 16476K, committed 17280K, reserved 1048576K
}
Event: 17.640 GC heap after
{Heap after GC invocations=33 (full 0):
 garbage-first heap   total 649216K, used 223205K [0x0000000702000000, 0x0000000800000000)
  region size 2048K, 16 young (32768K), 16 survivors (32768K)
 Metaspace       used 108454K, committed 110208K, reserved 1179648K
  class space    used 16476K, committed 17280K, reserved 1048576K
}

