# JRE version: OpenJDK Runtime Environment (21.0.2+13) (build 21.0.2+13-58)
# Java VM: OpenJDK 64-Bit Server VM (21.0.2+13-58, mixed mode, sharing, tiered, compressed oops, compressed class ptrs, g1 gc, windows-amd64)
GC Precious Log:
 CardTable entry size: 512
 Card Set container configuration: InlinePtr #cards 4 size 8 Array Of Cards #cards 16 size 48 Howl #buckets 8 coarsen threshold 3686 Howl Bitmap #cards 512 size 80 coarsen threshold 460 Card regions per heap region 1 cards per card region 4096
 CPUs: 8 total, 8 available
 Memory: 16251M
 Large Page Support: Disabled
 NUMA Support: Disabled
 Compressed Oops: Enabled (Zero based)
 Heap Region Size: 2M
 Heap Min Capacity: 8M
 Heap Initial Capacity: 254M
 Heap Max Capacity: 4064M
 Pre-touch: Disabled
 Parallel Workers: 8
 Concurrent Workers: 2
 Concurrent Refinement Workers: 8
 Periodic GC: Disabled
Heap:
 garbage-first heap   total 571392K, used 457037K [0x0000000702000000, 0x0000000800000000)
  region size 2048K, 109 young (223232K), 10 survivors (20480K)
 Metaspace       used 114306K, committed 115968K, reserved 1179648K
  class space    used 17324K, committed 18048K, reserved 1048576K
GC Heap History (20 events):
Event: 14.244 GC heap before
{Heap before GC invocations=24 (full 0):
 garbage-first heap   total 399360K, used 358694K [0x0000000702000000, 0x0000000800000000)
  region size 2048K, 104 young (212992K), 7 survivors (14336K)
 Metaspace       used 80077K, committed 81600K, reserved 1179648K
  class space    used 12150K, committed 12800K, reserved 1048576K
}
Event: 14.259 GC heap after
{Heap after GC invocations=25 (full 0):
 garbage-first heap   total 399360K, used 170400K [0x0000000702000000, 0x0000000800000000)
  region size 2048K, 12 young (24576K), 12 survivors (24576K)
 Metaspace       used 80077K, committed 81600K, reserved 1179648K
  class space    used 12150K, committed 12800K, reserved 1048576K
}
Event: 15.361 GC heap before
{Heap before GC invocations=25 (full 0):
 garbage-first heap   total 399360K, used 348576K [0x0000000702000000, 0x0000000800000000)
  region size 2048K, 100 young (204800K), 12 survivors (24576K)
 Metaspace       used 89181K, committed 90688K, reserved 1179648K
  class space    used 13598K, committed 14272K, reserved 1048576K
}
Event: 15.377 GC heap after
{Heap after GC invocations=26 (full 0):
 garbage-first heap   total 399360K, used 176143K [0x0000000702000000, 0x0000000800000000)
  region size 2048K, 9 young (18432K), 9 survivors (18432K)
 Metaspace       used 89181K, committed 90688K, reserved 1179648K
  class space    used 13598K, committed 14272K, reserved 1048576K
}
Event: 16.215 GC heap before
{Heap before GC invocations=26 (full 0):
 garbage-first heap   total 399360K, used 256015K [0x0000000702000000, 0x0000000800000000)
  region size 2048K, 50 young (102400K), 9 survivors (18432K)
 Metaspace       used 99228K, committed 100864K, reserved 1179648K
  class space    used 14953K, committed 15616K, reserved 1048576K
}
Event: 16.229 GC heap after
{Heap after GC invocations=27 (full 0):
 garbage-first heap   total 399360K, used 183221K [0x0000000702000000, 0x0000000800000000)
  region size 2048K, 7 young (14336K), 7 survivors (14336K)
 Metaspace       used 99228K, committed 100864K, reserved 1179648K
  class space    used 14953K, committed 15616K, reserved 1048576K
}
Event: 17.295 GC heap before
{Heap before GC invocations=28 (full 0):
 garbage-first heap   total 399360K, used 363445K [0x0000000702000000, 0x0000000800000000)
  region size 2048K, 93 young (190464K), 7 survivors (14336K)
 Metaspace       used 105839K, committed 107520K, reserved 1179648K
  class space    used 16115K, committed 16832K, reserved 1048576K
}
Event: 17.306 GC heap after
{Heap after GC invocations=29 (full 0):
 garbage-first heap   total 399360K, used 195650K [0x0000000702000000, 0x0000000800000000)
  region size 2048K, 10 young (20480K), 10 survivors (20480K)
 Metaspace       used 105839K, committed 107520K, reserved 1179648K
  class space    used 16115K, committed 16832K, reserved 1048576K
}
Event: 17.595 GC heap before
{Heap before GC invocations=29 (full 0):
 garbage-first heap   total 399360K, used 353346K [0x0000000702000000, 0x0000000800000000)
  region size 2048K, 88 young (180224K), 10 survivors (20480K)
 Metaspace       used 106298K, committed 108032K, reserved 1179648K
  class space    used 16169K, committed 16896K, reserved 1048576K
}
Event: 17.610 GC heap after
{Heap after GC invocations=30 (full 0):
 garbage-first heap   total 399360K, used 205771K [0x0000000702000000, 0x0000000800000000)
  region size 2048K, 8 young (16384K), 8 survivors (16384K)
 Metaspace       used 106298K, committed 108032K, reserved 1179648K
  class space    used 16169K, committed 16896K, reserved 1048576K
}
Event: 17.714 GC heap before
{Heap before GC invocations=30 (full 0):
 garbage-first heap   total 399360K, used 291787K [0x0000000702000000, 0x0000000800000000)
  region size 2048K, 52 young (106496K), 8 survivors (16384K)
 Metaspace       used 107182K, committed 108864K, reserved 1179648K
  class space    used 16316K, committed 17024K, reserved 1048576K
}
Event: 17.722 GC heap after
{Heap after GC invocations=31 (full 0):
 garbage-first heap   total 399360K, used 214119K [0x0000000702000000, 0x0000000800000000)
  region size 2048K, 5 young (10240K), 5 survivors (10240K)
 Metaspace       used 107182K, committed 108864K, reserved 1179648K
  class space    used 16316K, committed 17024K, reserved 1048576K
}
Event: 17.949 GC heap before
{Heap before GC invocations=31 (full 0):
 garbage-first heap   total 399360K, used 369767K [0x0000000702000000, 0x0000000800000000)
  region size 2048K, 76 young (155648K), 5 survivors (10240K)
 Metaspace       used 108033K, committed 109760K, reserved 1179648K
  class space    used 16425K, committed 17152K, reserved 1048576K
}
Event: 17.954 GC heap after
{Heap after GC invocations=32 (full 0):
 garbage-first heap   total 399360K, used 215033K [0x0000000702000000, 0x0000000800000000)
  region size 2048K, 6 young (12288K), 6 survivors (12288K)
 Metaspace       used 108033K, committed 109760K, reserved 1179648K
  class space    used 16425K, committed 17152K, reserved 1048576K
}
Event: 18.390 GC heap before
{Heap before GC invocations=33 (full 0):
 garbage-first heap   total 399360K, used 362489K [0x0000000702000000, 0x0000000800000000)
  region size 2048K, 78 young (159744K), 6 survivors (12288K)
 Metaspace       used 108467K, committed 110144K, reserved 1179648K
  class space    used 16479K, committed 17216K, reserved 1048576K
}
Event: 18.398 GC heap after
{Heap after GC invocations=34 (full 0):
 garbage-first heap   total 399360K, used 220331K [0x0000000702000000, 0x0000000800000000)
  region size 2048K, 8 young (16384K), 8 survivors (16384K)
 Metaspace       used 108467K, committed 110144K, reserved 1179648K
  class space    used 16479K, committed 17216K, reserved 1048576K
}
Event: 18.618 GC heap before
{Heap before GC invocations=34 (full 0):
 garbage-first heap   total 399360K, used 359595K [0x0000000702000000, 0x0000000800000000)
  region size 2048K, 76 young (155648K), 8 survivors (16384K)
 Metaspace       used 108909K, committed 110656K, reserved 1179648K
  class space    used 16546K, committed 17280K, reserved 1048576K
}
Event: 18.628 GC heap after
{Heap after GC invocations=35 (full 0):
 garbage-first heap   total 399360K, used 221271K [0x0000000702000000, 0x0000000800000000)
  region size 2048K, 6 young (12288K), 6 survivors (12288K)
 Metaspace       used 108909K, committed 110656K, reserved 1179648K
  class space    used 16546K, committed 17280K, reserved 1048576K
}
Event: 18.981 GC heap before
{Heap before GC invocations=35 (full 0):
 garbage-first heap   total 399360K, used 362583K [0x0000000702000000, 0x0000000800000000)
  region size 2048K, 75 young (153600K), 6 survivors (12288K)
 Metaspace       used 109278K, committed 110976K, reserved 1179648K
  class space    used 16582K, committed 17344K, reserved 1048576K
}
Event: 18.998 GC heap after
{Heap after GC invocations=36 (full 0):
 garbage-first heap   total 571392K, used 246093K [0x0000000702000000, 0x0000000800000000)
  region size 2048K, 10 young (20480K), 10 survivors (20480K)
 Metaspace       used 109278K, committed 110976K, reserved 1179648K
  class space    used 16582K, committed 17344K, reserved 1048576K
}

